[1216/195044.311:ERROR:directory_reader_win.cc(43)] FindFirstFile: El sistema no puede encontrar la ruta especificada. (0x3)
[1217/192122.640:ERROR:directory_reader_win.cc(43)] FindFirstFile: El sistema no puede encontrar la ruta especificada. (0x3)
[1221/224355.562:ERROR:directory_reader_win.cc(43)] FindFirstFile: El sistema no puede encontrar la ruta especificada. (0x3)
[1223/133015.435:ERROR:directory_reader_win.cc(43)] FindFirstFile: El sistema no puede encontrar la ruta especificada. (0x3)
[1224/131249.244:ERROR:settings.cc(321)] Settings magic is not 1129342067
[1224/132250.122:ERROR:directory_reader_win.cc(43)] FindFirstFile: El sistema no puede encontrar la ruta especificada. (0x3)
[1226/092758.440:ERROR:directory_reader_win.cc(43)] FindFirstFile: El sistema no puede encontrar la ruta especificada. (0x3)
[1226/133821.007:ERROR:directory_reader_win.cc(43)] FindFirstFile: El sistema no puede encontrar la ruta especificada. (0x3)
[1226/135819.071:ERROR:process_reader_win.cc(123)] NtOpenThread: {Acceso denegado} Un proceso ha solicitado acceso a un objeto, pero no se le han concedido esos derechos de acceso. (0xc0000022)
[1226/135819.071:ERROR:process_reader_win.cc(123)] NtOpenThread: {Acceso denegado} Un proceso ha solicitado acceso a un objeto, pero no se le han concedido esos derechos de acceso. (0xc0000022)
[1226/135819.770:ERROR:exception_snapshot_win.cc(99)] thread ID 9120 not found in process
[1226/135819.770:ERROR:exception_snapshot_win.cc(99)] thread ID 9236 not found in process
[1226/135819.071:ERROR:process_reader_win.cc(123)] NtOpenThread: {Acceso denegado} Un proceso ha solicitado acceso a un objeto, pero no se le han concedido esos derechos de acceso. (0xc0000022)
[1226/135819.071:ERROR:process_reader_win.cc(123)] NtOpenThread: {Acceso denegado} Un proceso ha solicitado acceso a un objeto, pero no se le han concedido esos derechos de acceso. (0xc0000022)
[1226/135819.770:ERROR:exception_snapshot_win.cc(99)] thread ID 10236 not found in process
[1226/135819.071:ERROR:process_reader_win.cc(123)] NtOpenThread: {Acceso denegado} Un proceso ha solicitado acceso a un objeto, pero no se le han concedido esos derechos de acceso. (0xc0000022)
[1226/135819.770:ERROR:exception_snapshot_win.cc(99)] thread ID 384 not found in process
[1226/135819.770:ERROR:exception_snapshot_win.cc(99)] thread ID 6064 not found in process
[1226/184922.848:ERROR:directory_reader_win.cc(43)] FindFirstFile: El sistema no puede encontrar la ruta especificada. (0x3)
[1227/095129.399:ERROR:directory_reader_win.cc(43)] FindFirstFile: El sistema no puede encontrar la ruta especificada. (0x3)
[1227/102809.221:ERROR:process_reader_win.cc(123)] NtOpenThread: {Acceso denegado} Un proceso ha solicitado acceso a un objeto, pero no se le han concedido esos derechos de acceso. (0xc0000022)
[1227/102809.356:ERROR:process_reader_win.cc(123)] NtOpenThread: {Acceso denegado} Un proceso ha solicitado acceso a un objeto, pero no se le han concedido esos derechos de acceso. (0xc0000022)
[1227/102809.221:ERROR:process_reader_win.cc(123)] NtOpenThread: {Acceso denegado} Un proceso ha solicitado acceso a un objeto, pero no se le han concedido esos derechos de acceso. (0xc0000022)
[1227/102809.256:ERROR:process_reader_win.cc(123)] NtOpenThread: {Acceso denegado} Un proceso ha solicitado acceso a un objeto, pero no se le han concedido esos derechos de acceso. (0xc0000022)
[1227/102809.358:ERROR:process_reader_win.cc(123)] NtOpenThread: {Acceso denegado} Un proceso ha solicitado acceso a un objeto, pero no se le han concedido esos derechos de acceso. (0xc0000022)
[1227/102809.403:ERROR:process_reader_win.cc(123)] NtOpenThread: {Acceso denegado} Un proceso ha solicitado acceso a un objeto, pero no se le han concedido esos derechos de acceso. (0xc0000022)
[1227/102809.221:ERROR:process_reader_win.cc(123)] NtOpenThread: {Acceso denegado} Un proceso ha solicitado acceso a un objeto, pero no se le han concedido esos derechos de acceso. (0xc0000022)
[1227/102809.258:ERROR:process_reader_win.cc(123)] NtOpenThread: {Acceso denegado} Un proceso ha solicitado acceso a un objeto, pero no se le han concedido esos derechos de acceso. (0xc0000022)
[1227/102809.408:ERROR:process_reader_win.cc(123)] NtOpenThread: {Acceso denegado} Un proceso ha solicitado acceso a un objeto, pero no se le han concedido esos derechos de acceso. (0xc0000022)
[1227/102809.354:ERROR:process_reader_win.cc(123)] NtOpenThread: {Acceso denegado} Un proceso ha solicitado acceso a un objeto, pero no se le han concedido esos derechos de acceso. (0xc0000022)
[1227/102809.221:ERROR:process_reader_win.cc(123)] NtOpenThread: {Acceso denegado} Un proceso ha solicitado acceso a un objeto, pero no se le han concedido esos derechos de acceso. (0xc0000022)
[1227/102809.274:ERROR:process_reader_win.cc(123)] NtOpenThread: {Acceso denegado} Un proceso ha solicitado acceso a un objeto, pero no se le han concedido esos derechos de acceso. (0xc0000022)
[1227/102809.559:ERROR:process_reader_win.cc(123)] NtOpenThread: {Acceso denegado} Un proceso ha solicitado acceso a un objeto, pero no se le han concedido esos derechos de acceso. (0xc0000022)
[1227/102809.221:ERROR:process_reader_win.cc(123)] NtOpenThread: {Acceso denegado} Un proceso ha solicitado acceso a un objeto, pero no se le han concedido esos derechos de acceso. (0xc0000022)
[1227/102809.586:ERROR:exception_snapshot_win.cc(99)] thread ID 3512 not found in process
[1227/102809.586:ERROR:exception_snapshot_win.cc(99)] thread ID 10036 not found in process
[1227/102809.587:ERROR:exception_snapshot_win.cc(99)] thread ID 756 not found in process
[1227/102809.587:ERROR:exception_snapshot_win.cc(99)] thread ID 2524 not found in process
[1227/102809.587:ERROR:exception_snapshot_win.cc(99)] thread ID 8624 not found in process
[1227/102809.587:ERROR:exception_snapshot_win.cc(99)] thread ID 2320 not found in process
[1227/102809.587:ERROR:exception_snapshot_win.cc(99)] thread ID 9296 not found in process
[1227/102809.587:ERROR:exception_snapshot_win.cc(99)] thread ID 1244 not found in process
[1227/102809.587:ERROR:exception_snapshot_win.cc(99)] thread ID 8652 not found in process
[1227/102809.587:ERROR:exception_snapshot_win.cc(99)] thread ID 8736 not found in process
[1227/102809.587:ERROR:exception_snapshot_win.cc(99)] thread ID 8696 not found in process
[1227/102809.588:ERROR:exception_snapshot_win.cc(99)] thread ID 10012 not found in process
[1227/102809.587:ERROR:exception_snapshot_win.cc(99)] thread ID 4432 not found in process
[1227/102809.589:ERROR:exception_snapshot_win.cc(99)] thread ID 2832 not found in process
[1227/213416.375:ERROR:directory_reader_win.cc(43)] FindFirstFile: El sistema no puede encontrar la ruta especificada. (0x3)
[1228/013059.574:ERROR:process_reader_win.cc(151)] SuspendThread: Acceso denegado. (0x5)
[1228/013059.574:ERROR:process_reader_win.cc(151)] SuspendThread: Acceso denegado. (0x5)
[1228/013059.574:ERROR:process_reader_win.cc(151)] SuspendThread: Acceso denegado. (0x5)
[1228/013059.575:ERROR:process_reader_win.cc(151)] SuspendThread: Acceso denegado. (0x5)
[1228/013100.104:ERROR:process_reader_win.cc(151)] SuspendThread: Acceso denegado. (0x5)
[1228/013059.575:ERROR:process_reader_win.cc(151)] SuspendThread: Acceso denegado. (0x5)
[1228/013059.586:ERROR:process_reader_win.cc(151)] SuspendThread: Acceso denegado. (0x5)
[1228/013059.593:ERROR:process_reader_win.cc(151)] SuspendThread: Acceso denegado. (0x5)
[1228/013059.625:ERROR:process_reader_win.cc(151)] SuspendThread: Acceso denegado. (0x5)
[1228/013059.978:ERROR:process_reader_win.cc(151)] SuspendThread: Acceso denegado. (0x5)
[1228/013100.104:ERROR:process_reader_win.cc(151)] SuspendThread: Acceso denegado. (0x5)
[1228/013100.104:ERROR:process_reader_win.cc(151)] SuspendThread: Acceso denegado. (0x5)
[1228/013100.104:ERROR:process_reader_win.cc(151)] SuspendThread: Acceso denegado. (0x5)
[1228/013100.104:ERROR:process_reader_win.cc(151)] SuspendThread: Acceso denegado. (0x5)
[1228/013100.104:ERROR:process_reader_win.cc(151)] SuspendThread: Acceso denegado. (0x5)
[1228/013100.104:ERROR:process_reader_win.cc(151)] SuspendThread: Acceso denegado. (0x5)
[1228/013100.104:ERROR:process_reader_win.cc(151)] SuspendThread: Acceso denegado. (0x5)
[1228/013100.104:ERROR:process_reader_win.cc(151)] SuspendThread: Acceso denegado. (0x5)
[1228/013100.104:ERROR:process_reader_win.cc(151)] SuspendThread: Acceso denegado. (0x5)
[1228/013100.192:ERROR:process_reader_win.cc(151)] SuspendThread: Acceso denegado. (0x5)
[1228/013100.104:ERROR:process_reader_win.cc(151)] SuspendThread: Acceso denegado. (0x5)
[1228/013100.192:ERROR:process_reader_win.cc(151)] SuspendThread: Acceso denegado. (0x5)
[1228/013100.104:ERROR:process_reader_win.cc(151)] SuspendThread: Acceso denegado. (0x5)
[1228/013100.104:ERROR:process_reader_win.cc(151)] SuspendThread: Acceso denegado. (0x5)
[1228/013100.192:ERROR:process_reader_win.cc(151)] SuspendThread: Acceso denegado. (0x5)
[1228/013100.104:ERROR:process_reader_win.cc(151)] SuspendThread: Acceso denegado. (0x5)
[1228/013059.575:ERROR:process_reader_win.cc(151)] SuspendThread: Acceso denegado. (0x5)
[1228/013100.192:ERROR:process_reader_win.cc(151)] SuspendThread: Acceso denegado. (0x5)
[1228/013100.192:ERROR:process_reader_win.cc(151)] SuspendThread: Acceso denegado. (0x5)
[1228/013100.104:ERROR:process_reader_win.cc(151)] SuspendThread: Acceso denegado. (0x5)
[1228/013100.192:ERROR:process_reader_win.cc(151)] SuspendThread: Acceso denegado. (0x5)
[1228/013100.104:ERROR:process_reader_win.cc(151)] SuspendThread: Acceso denegado. (0x5)
[1228/013100.192:ERROR:process_reader_win.cc(151)] SuspendThread: Acceso denegado. (0x5)
[1228/013100.192:ERROR:process_reader_win.cc(151)] SuspendThread: Acceso denegado. (0x5)
[1228/013100.192:ERROR:process_reader_win.cc(151)] SuspendThread: Acceso denegado. (0x5)
[1228/013100.192:ERROR:process_reader_win.cc(151)] SuspendThread: Acceso denegado. (0x5)
[1228/013100.192:ERROR:process_reader_win.cc(151)] SuspendThread: Acceso denegado. (0x5)
[1228/013100.192:ERROR:process_reader_win.cc(151)] SuspendThread: Acceso denegado. (0x5)
[1228/013100.192:ERROR:process_reader_win.cc(151)] SuspendThread: Acceso denegado. (0x5)
[1228/013100.192:ERROR:process_reader_win.cc(151)] SuspendThread: Acceso denegado. (0x5)
[1228/013100.192:ERROR:process_reader_win.cc(151)] SuspendThread: Acceso denegado. (0x5)
[1228/013100.192:ERROR:process_reader_win.cc(151)] SuspendThread: Acceso denegado. (0x5)
[1228/013100.192:ERROR:process_reader_win.cc(151)] SuspendThread: Acceso denegado. (0x5)
[1228/013100.192:ERROR:process_reader_win.cc(151)] SuspendThread: Acceso denegado. (0x5)
[1228/013100.192:ERROR:process_reader_win.cc(151)] SuspendThread: Acceso denegado. (0x5)
[1228/013100.192:ERROR:process_reader_win.cc(151)] SuspendThread: Acceso denegado. (0x5)
[1228/013100.192:ERROR:process_reader_win.cc(151)] SuspendThread: Acceso denegado. (0x5)
[1228/013100.192:ERROR:process_reader_win.cc(151)] SuspendThread: Acceso denegado. (0x5)
[1228/013100.192:ERROR:process_reader_win.cc(151)] SuspendThread: Acceso denegado. (0x5)
[1228/013100.192:ERROR:process_reader_win.cc(151)] SuspendThread: Acceso denegado. (0x5)
[1228/013100.192:ERROR:process_reader_win.cc(151)] SuspendThread: Acceso denegado. (0x5)
[1228/013100.192:ERROR:process_reader_win.cc(151)] SuspendThread: Acceso denegado. (0x5)
[1228/013100.192:ERROR:process_reader_win.cc(151)] SuspendThread: Acceso denegado. (0x5)
[1228/013100.192:ERROR:process_reader_win.cc(151)] SuspendThread: Acceso denegado. (0x5)
[1228/013100.192:ERROR:process_reader_win.cc(151)] SuspendThread: Acceso denegado. (0x5)
[1228/013100.192:ERROR:process_reader_win.cc(151)] SuspendThread: Acceso denegado. (0x5)
[1228/013100.192:ERROR:process_reader_win.cc(151)] SuspendThread: Acceso denegado. (0x5)
[1228/013100.192:ERROR:process_reader_win.cc(151)] SuspendThread: Acceso denegado. (0x5)
[1228/013100.192:ERROR:process_reader_win.cc(151)] SuspendThread: Acceso denegado. (0x5)
[1228/013100.192:ERROR:process_reader_win.cc(151)] SuspendThread: Acceso denegado. (0x5)
[1228/013100.192:ERROR:process_reader_win.cc(151)] SuspendThread: Acceso denegado. (0x5)
[1228/013100.192:ERROR:process_reader_win.cc(151)] SuspendThread: Acceso denegado. (0x5)
[1228/013100.192:ERROR:process_reader_win.cc(151)] SuspendThread: Acceso denegado. (0x5)
[1228/013100.192:ERROR:process_reader_win.cc(151)] SuspendThread: Acceso denegado. (0x5)
[1228/013100.192:ERROR:process_reader_win.cc(151)] SuspendThread: Acceso denegado. (0x5)
[1228/013100.192:ERROR:process_reader_win.cc(151)] SuspendThread: Acceso denegado. (0x5)
[1228/013100.193:ERROR:process_reader_win.cc(151)] SuspendThread: Acceso denegado. (0x5)
[1228/013100.193:ERROR:process_reader_win.cc(151)] SuspendThread: Acceso denegado. (0x5)
[1228/013100.193:ERROR:process_reader_win.cc(151)] SuspendThread: Acceso denegado. (0x5)
[1228/013100.193:ERROR:process_reader_win.cc(151)] SuspendThread: Acceso denegado. (0x5)
[1228/013100.193:ERROR:process_reader_win.cc(151)] SuspendThread: Acceso denegado. (0x5)
[1228/013100.193:ERROR:process_reader_win.cc(151)] SuspendThread: Acceso denegado. (0x5)
[1228/013100.193:ERROR:process_reader_win.cc(151)] SuspendThread: Acceso denegado. (0x5)
[1228/013100.193:ERROR:process_reader_win.cc(151)] SuspendThread: Acceso denegado. (0x5)
[1228/013100.193:ERROR:process_reader_win.cc(151)] SuspendThread: Acceso denegado. (0x5)
[1228/013100.193:ERROR:process_reader_win.cc(151)] SuspendThread: Acceso denegado. (0x5)
[1228/013100.193:ERROR:process_reader_win.cc(151)] SuspendThread: Acceso denegado. (0x5)
[1228/013100.193:ERROR:process_reader_win.cc(151)] SuspendThread: Acceso denegado. (0x5)
[1228/013100.232:ERROR:process_reader_win.cc(151)] SuspendThread: Acceso denegado. (0x5)
[1228/013100.232:ERROR:process_reader_win.cc(151)] SuspendThread: Acceso denegado. (0x5)
[1228/013100.232:ERROR:process_reader_win.cc(151)] SuspendThread: Acceso denegado. (0x5)
[1228/013100.232:ERROR:process_reader_win.cc(151)] SuspendThread: Acceso denegado. (0x5)
[1228/013100.232:ERROR:process_reader_win.cc(151)] SuspendThread: Acceso denegado. (0x5)
[1228/013100.232:ERROR:process_reader_win.cc(151)] SuspendThread: Acceso denegado. (0x5)
[1228/013100.232:ERROR:process_reader_win.cc(151)] SuspendThread: Acceso denegado. (0x5)
[1228/013100.232:ERROR:process_reader_win.cc(151)] SuspendThread: Acceso denegado. (0x5)
[1228/013100.232:ERROR:process_reader_win.cc(151)] SuspendThread: Acceso denegado. (0x5)
[1228/013100.192:ERROR:process_reader_win.cc(123)] NtOpenThread: {Acceso denegado} Un proceso ha solicitado acceso a un objeto, pero no se le han concedido esos derechos de acceso. (0xc0000022)
[1228/013100.315:ERROR:exception_snapshot_win.cc(99)] thread ID 7260 not found in process
[1228/013100.193:ERROR:process_reader_win.cc(123)] NtOpenThread: {Acceso denegado} Un proceso ha solicitado acceso a un objeto, pero no se le han concedido esos derechos de acceso. (0xc0000022)
[1228/013100.192:ERROR:process_reader_win.cc(123)] NtOpenThread: {Acceso denegado} Un proceso ha solicitado acceso a un objeto, pero no se le han concedido esos derechos de acceso. (0xc0000022)
[1228/013100.355:ERROR:exception_snapshot_win.cc(99)] thread ID 8504 not found in process
[1228/013100.355:ERROR:exception_snapshot_win.cc(99)] thread ID 5776 not found in process
[1228/013100.193:ERROR:process_reader_win.cc(123)] NtOpenThread: {Acceso denegado} Un proceso ha solicitado acceso a un objeto, pero no se le han concedido esos derechos de acceso. (0xc0000022)
[1228/013100.193:ERROR:process_reader_win.cc(123)] NtOpenThread: {Acceso denegado} Un proceso ha solicitado acceso a un objeto, pero no se le han concedido esos derechos de acceso. (0xc0000022)
[1228/013100.355:ERROR:exception_snapshot_win.cc(99)] thread ID 4000 not found in process
[1228/013100.192:ERROR:process_reader_win.cc(123)] NtOpenThread: {Acceso denegado} Un proceso ha solicitado acceso a un objeto, pero no se le han concedido esos derechos de acceso. (0xc0000022)
[1228/013100.355:ERROR:exception_snapshot_win.cc(99)] thread ID 3328 not found in process
[1228/013100.192:ERROR:process_reader_win.cc(123)] NtOpenThread: {Acceso denegado} Un proceso ha solicitado acceso a un objeto, pero no se le han concedido esos derechos de acceso. (0xc0000022)
[1228/013100.193:ERROR:process_reader_win.cc(123)] NtOpenThread: {Acceso denegado} Un proceso ha solicitado acceso a un objeto, pero no se le han concedido esos derechos de acceso. (0xc0000022)
[1228/013100.232:ERROR:process_reader_win.cc(123)] NtOpenThread: {Acceso denegado} Un proceso ha solicitado acceso a un objeto, pero no se le han concedido esos derechos de acceso. (0xc0000022)
[1228/013100.356:ERROR:exception_snapshot_win.cc(99)] thread ID 3180 not found in process
[1228/013100.192:ERROR:process_reader_win.cc(123)] NtOpenThread: {Acceso denegado} Un proceso ha solicitado acceso a un objeto, pero no se le han concedido esos derechos de acceso. (0xc0000022)
[1228/013100.356:ERROR:exception_snapshot_win.cc(99)] thread ID 5068 not found in process
[1228/013100.356:ERROR:exception_snapshot_win.cc(99)] thread ID 7976 not found in process
[1228/013100.192:ERROR:process_reader_win.cc(123)] NtOpenThread: {Acceso denegado} Un proceso ha solicitado acceso a un objeto, pero no se le han concedido esos derechos de acceso. (0xc0000022)
[1228/013100.356:ERROR:exception_snapshot_win.cc(99)] thread ID 5844 not found in process
[1228/013100.356:ERROR:exception_snapshot_win.cc(99)] thread ID 5288 not found in process
[1228/013100.356:ERROR:exception_snapshot_win.cc(99)] thread ID 9096 not found in process
[1228/112354.899:ERROR:directory_reader_win.cc(43)] FindFirstFile: El sistema no puede encontrar la ruta especificada. (0x3)
[1230/115917.080:ERROR:directory_reader_win.cc(43)] FindFirstFile: El sistema no puede encontrar la ruta especificada. (0x3)
[0103/151401.746:ERROR:directory_reader_win.cc(43)] FindFirstFile: El sistema no puede encontrar la ruta especificada. (0x3)
[0104/092142.929:ERROR:directory_reader_win.cc(43)] FindFirstFile: El sistema no puede encontrar la ruta especificada. (0x3)
[0104/150155.401:ERROR:directory_reader_win.cc(43)] FindFirstFile: El sistema no puede encontrar la ruta especificada. (0x3)
[0105/093631.023:ERROR:directory_reader_win.cc(43)] FindFirstFile: El sistema no puede encontrar la ruta especificada. (0x3)
[0105/221232.501:ERROR:directory_reader_win.cc(43)] FindFirstFile: El sistema no puede encontrar la ruta especificada. (0x3)
[0106/094720.779:ERROR:directory_reader_win.cc(43)] FindFirstFile: El sistema no puede encontrar la ruta especificada. (0x3)
[0106/150341.415:ERROR:process_reader_win.cc(123)] NtOpenThread: {Acceso denegado} Un proceso ha solicitado acceso a un objeto, pero no se le han concedido esos derechos de acceso. (0xc0000022)
[0106/150342.295:ERROR:exception_snapshot_win.cc(99)] thread ID 5040 not found in process
[0106/153721.091:ERROR:directory_reader_win.cc(43)] FindFirstFile: El sistema no puede encontrar la ruta especificada. (0x3)
[0106/235956.903:ERROR:settings.cc(321)] Settings magic is not 1129342067
[0107/000957.374:ERROR:directory_reader_win.cc(43)] FindFirstFile: El sistema no puede encontrar la ruta especificada. (0x3)
[0107/084129.862:ERROR:directory_reader_win.cc(43)] FindFirstFile: El sistema no puede encontrar la ruta especificada. (0x3)
[0107/144346.968:ERROR:directory_reader_win.cc(43)] FindFirstFile: El sistema no puede encontrar la ruta especificada. (0x3)
[0107/174519.469:ERROR:directory_reader_win.cc(43)] FindFirstFile: El sistema no puede encontrar la ruta especificada. (0x3)
